<?xml version="1.0" encoding="UTF-8"?>
<!-- Generated by org.testng.reporters.JUnitReportReporter -->
<testsuite hostname="DESKTOP-5PD8IEG" failures="0" tests="1" name="TestNG.Practice" time="7.769" errors="0" timestamp="10 Feb 2024 03:01:42 GMT" skipped="0">
  <testcase classname="TestNG.Practice" name="login" time="7.769"/>
</testsuite> <!-- TestNG.Practice -->
