<?xml version="1.0" encoding="UTF-8"?>
<!-- Generated by org.testng.reporters.JUnitReportReporter -->
<testsuite hostname="DESKTOP-5PD8IEG" failures="0" tests="4" name="TestNG.HomeworkActitimeCreateUser10_2" time="39.163" errors="0" timestamp="12 Feb 2024 15:52:48 GMT" skipped="0">
  <testcase classname="TestNG.HomeworkActitimeCreateUser10_2" name="CreateUser" time="27.594"/>
  <testcase classname="TestNG.HomeworkActitimeCreateUser10_2" name="OpenApplication" time="10.943"/>
  <testcase classname="TestNG.HomeworkActitimeCreateUser10_2" name="loginOperation" time="0.410"/>
  <testcase classname="TestNG.HomeworkActitimeCreateUser10_2" name="logoutOperation" time="0.216"/>
</testsuite> <!-- TestNG.HomeworkActitimeCreateUser10_2 -->
