<?xml version="1.0" encoding="UTF-8"?>
<!-- Generated by org.testng.reporters.JUnitReportReporter -->
<testsuite hostname="DESKTOP-5PD8IEG" failures="0" tests="1" name="BaseTestAnnotations.CreateUser12_2" time="7.412" errors="0" timestamp="13 Feb 2024 03:39:49 GMT" skipped="0">
  <testcase classname="BaseTestAnnotations.CreateUser12_2" name="CreateUser" time="7.412"/>
</testsuite> <!-- BaseTestAnnotations.CreateUser12_2 -->
