<?xml version="1.0" encoding="UTF-8"?>
<!-- Generated by org.testng.reporters.JUnitReportReporter -->
<testsuite hostname="DESKTOP-5PD8IEG" failures="0" tests="1" name="Assertion.Validation" time="7.523" errors="0" timestamp="24 Feb 2024 18:39:36 GMT" skipped="0">
  <testcase classname="Assertion.Validation" name="validateTitle" time="7.523"/>
</testsuite> <!-- Assertion.Validation -->
