<?xml version="1.0" encoding="UTF-8"?>
<!-- Generated by org.testng.reporters.JUnitReportReporter -->
<testsuite hostname="DESKTOP-5PD8IEG" failures="0" tests="6" name="DataProvider.LoginWithDataProvider" time="37.257" errors="0" timestamp="24 Feb 2024 18:08:09 GMT" skipped="0">
  <testcase classname="DataProvider.LoginWithDataProvider" name="login" time="7.337"/>
  <testcase classname="DataProvider.LoginWithDataProvider" name="login" time="6.325"/>
  <testcase classname="DataProvider.LoginWithDataProvider" name="login" time="5.864"/>
  <testcase classname="DataProvider.LoginWithDataProvider" name="login" time="5.996"/>
  <testcase classname="DataProvider.LoginWithDataProvider" name="login" time="5.541"/>
  <testcase classname="DataProvider.LoginWithDataProvider" name="login" time="6.194"/>
</testsuite> <!-- DataProvider.LoginWithDataProvider -->
