<?xml version="1.0" encoding="UTF-8"?>
<!-- Generated by org.testng.reporters.JUnitReportReporter -->
<testsuite hostname="DESKTOP-5PD8IEG" failures="0" tests="1" name="com.TimesheetManagementToolProject.TestScript.InvalidLoginTest" time="3.646" errors="0" timestamp="24 Feb 2024 14:41:01 GMT" skipped="0">
  <testcase classname="com.TimesheetManagementToolProject.TestScript.InvalidLoginTest" name="invalidLogin" time="3.646"/>
</testsuite> <!-- com.TimesheetManagementToolProject.TestScript.InvalidLoginTest -->
