<?xml version="1.0" encoding="UTF-8"?>
<!-- Generated by org.testng.reporters.JUnitReportReporter -->
<testsuite hostname="DESKTOP-5PD8IEG" failures="0" tests="2" name="com.TimesheetManagementToolProject.TestScript.CreateCustomerAndProjectTest" time="26.714" errors="0" timestamp="24 Feb 2024 13:54:10 GMT" skipped="0">
  <testcase classname="com.TimesheetManagementToolProject.TestScript.CreateCustomerAndProjectTest" name="createCustomerAndProject" time="14.372"/>
  <testcase classname="com.TimesheetManagementToolProject.TestScript.CreateCustomerAndProjectTest" name="createCustomerAndProject" time="12.342"/>
</testsuite> <!-- com.TimesheetManagementToolProject.TestScript.CreateCustomerAndProjectTest -->
